[2020-01-18 15:56:55] local.ERROR: Class UniSharp\LaravelFilemanager\Controllers\LfmController does not exist {"exception":"[object] (ReflectionException(code: -1): Class UniSharp\\LaravelFilemanager\\Controllers\\LfmController does not exist at C:\\Users\\Erfan\\Desktop\\blog pro-w2\\vendor\\laravel\\framework\\src\\Illuminate\\Container\\Container.php:788)
[stacktrace]
#0 C:\\Users\\Erfan\\Desktop\\blog pro-w2\\vendor\\laravel\\framework\\src\\Illuminate\\Container\\Container.php(788): ReflectionClass->__construct('UniSharp\\\\Larave...')
#1 C:\\Users\\Erfan\\Desktop\\blog pro-w2\\vendor\\laravel\\framework\\src\\Illuminate\\Container\\Container.php(667): Illuminate\\Container\\Container->build('UniSharp\\\\Larave...')
#2 C:\\Users\\Erfan\\Desktop\\blog pro-w2\\vendor\\laravel\\framework\\src\\Illuminate\\Container\\Container.php(615): Illuminate\\Container\\Container->resolve('UniSharp\\\\Larave...', Array)
#3 C:\\Users\\Erfan\\Desktop\\blog pro-w2\\vendor\\laravel\\framework\\src\\Illuminate\\Foundation\\Application.php(767): Illuminate\\Container\\Container->make('UniSharp\\\\Larave...', Array)
#4 C:\\Users\\Erfan\\Desktop\\blog pro-w2\\vendor\\laravel\\framework\\src\\Illuminate\\Routing\\Route.php(233): Illuminate\\Foundation\\Application->make('UniSharp\\\\Larave...')
#5 C:\\Users\\Erfan\\Desktop\\blog pro-w2\\vendor\\laravel\\framework\\src\\Illuminate\\Routing\\Route.php(833): Illuminate\\Routing\\Route->getController()
#6 C:\\Users\\Erfan\\Desktop\\blog pro-w2\\vendor\\laravel\\framework\\src\\Illuminate\\Routing\\Route.php(794): Illuminate\\Routing\\Route->controllerMiddleware()
#7 C:\\Users\\Erfan\\Desktop\\blog pro-w2\\vendor\\laravel\\framework\\src\\Illuminate\\Routing\\Router.php(693): Illuminate\\Routing\\Route->gatherMiddleware()
#8 C:\\Users\\Erfan\\Desktop\\blog pro-w2\\vendor\\laravel\\framework\\src\\Illuminate\\Routing\\Router.php(673): Illuminate\\Routing\\Router->gatherRouteMiddleware(Object(Illuminate\\Routing\\Route))
#9 C:\\Users\\Erfan\\Desktop\\blog pro-w2\\vendor\\laravel\\framework\\src\\Illuminate\\Routing\\Router.php(657): Illuminate\\Routing\\Router->runRouteWithinStack(Object(Illuminate\\Routing\\Route), Object(Illuminate\\Http\\Request))
#10 C:\\Users\\Erfan\\Desktop\\blog pro-w2\\vendor\\laravel\\framework\\src\\Illuminate\\Routing\\Router.php(623): Illuminate\\Routing\\Router->runRoute(Object(Illuminate\\Http\\Request), Object(Illuminate\\Routing\\Route))
#11 C:\\Users\\Erfan\\Desktop\\blog pro-w2\\vendor\\laravel\\framework\\src\\Illuminate\\Routing\\Router.php(612): Illuminate\\Routing\\Router->dispatchToRoute(Object(Illuminate\\Http\\Request))
#12 C:\\Users\\Erfan\\Desktop\\blog pro-w2\\vendor\\laravel\\framework\\src\\Illuminate\\Foundation\\Http\\Kernel.php(176): Illuminate\\Routing\\Router->dispatch(Object(Illuminate\\Http\\Request))
#13 C:\\Users\\Erfan\\Desktop\\blog pro-w2\\vendor\\laravel\\framework\\src\\Illuminate\\Routing\\Pipeline.php(30): Illuminate\\Foundation\\Http\\Kernel->Illuminate\\Foundation\\Http\\{closure}(Object(Illuminate\\Http\\Request))
#14 C:\\Users\\Erfan\\Desktop\\blog pro-w2\\vendor\\laravel\\framework\\src\\Illuminate\\Foundation\\Http\\Middleware\\TransformsRequest.php(21): Illuminate\\Routing\\Pipeline->Illuminate\\Routing\\{closure}(Object(Illuminate\\Http\\Request))
#15 C:\\Users\\Erfan\\Desktop\\blog pro-w2\\vendor\\laravel\\framework\\src\\Illuminate\\Pipeline\\Pipeline.php(163): Illuminate\\Foundation\\Http\\Middleware\\TransformsRequest->handle(Object(Illuminate\\Http\\Request), Object(Closure))
#16 C:\\Users\\Erfan\\Desktop\\blog pro-w2\\vendor\\laravel\\framework\\src\\Illuminate\\Routing\\Pipeline.php(53): Illuminate\\Pipeline\\Pipeline->Illuminate\\Pipeline\\{closure}(Object(Illuminate\\Http\\Request))
#17 C:\\Users\\Erfan\\Desktop\\blog pro-w2\\vendor\\laravel\\framework\\src\\Illuminate\\Foundation\\Http\\Middleware\\TransformsRequest.php(21): Illuminate\\Routing\\Pipeline->Illuminate\\Routing\\{closure}(Object(Illuminate\\Http\\Request))
#18 C:\\Users\\Erfan\\Desktop\\blog pro-w2\\vendor\\laravel\\framework\\src\\Illuminate\\Pipeline\\Pipeline.php(163): Illuminate\\Foundation\\Http\\Middleware\\TransformsRequest->handle(Object(Illuminate\\Http\\Request), Object(Closure))
#19 C:\\Users\\Erfan\\Desktop\\blog pro-w2\\vendor\\laravel\\framework\\src\\Illuminate\\Routing\\Pipeline.php(53): Illuminate\\Pipeline\\Pipeline->Illuminate\\Pipeline\\{closure}(Object(Illuminate\\Http\\Request))
#20 C:\\Users\\Erfan\\Desktop\\blog pro-w2\\vendor\\laravel\\framework\\src\\Illuminate\\Foundation\\Http\\Middleware\\ValidatePostSize.php(27): Illuminate\\Routing\\Pipeline->Illuminate\\Routing\\{closure}(Object(Illuminate\\Http\\Request))
#21 C:\\Users\\Erfan\\Desktop\\blog pro-w2\\vendor\\laravel\\framework\\src\\Illuminate\\Pipeline\\Pipeline.php(163): Illuminate\\Foundation\\Http\\Middleware\\ValidatePostSize->handle(Object(Illuminate\\Http\\Request), Object(Closure))
#22 C:\\Users\\Erfan\\Desktop\\blog pro-w2\\vendor\\laravel\\framework\\src\\Illuminate\\Routing\\Pipeline.php(53): Illuminate\\Pipeline\\Pipeline->Illuminate\\Pipeline\\{closure}(Object(Illuminate\\Http\\Request))
#23 C:\\Users\\Erfan\\Desktop\\blog pro-w2\\vendor\\laravel\\framework\\src\\Illuminate\\Foundation\\Http\\Middleware\\CheckForMaintenanceMode.php(62): Illuminate\\Routing\\Pipeline->Illuminate\\Routing\\{closure}(Object(Illuminate\\Http\\Request))
#24 C:\\Users\\Erfan\\Desktop\\blog pro-w2\\vendor\\laravel\\framework\\src\\Illuminate\\Pipeline\\Pipeline.php(163): Illuminate\\Foundation\\Http\\Middleware\\CheckForMaintenanceMode->handle(Object(Illuminate\\Http\\Request), Object(Closure))
#25 C:\\Users\\Erfan\\Desktop\\blog pro-w2\\vendor\\laravel\\framework\\src\\Illuminate\\Routing\\Pipeline.php(53): Illuminate\\Pipeline\\Pipeline->Illuminate\\Pipeline\\{closure}(Object(Illuminate\\Http\\Request))
#26 C:\\Users\\Erfan\\Desktop\\blog pro-w2\\vendor\\fideloper\\proxy\\src\\TrustProxies.php(57): Illuminate\\Routing\\Pipeline->Illuminate\\Routing\\{closure}(Object(Illuminate\\Http\\Request))
#27 C:\\Users\\Erfan\\Desktop\\blog pro-w2\\vendor\\laravel\\framework\\src\\Illuminate\\Pipeline\\Pipeline.php(163): Fideloper\\Proxy\\TrustProxies->handle(Object(Illuminate\\Http\\Request), Object(Closure))
#28 C:\\Users\\Erfan\\Desktop\\blog pro-w2\\vendor\\laravel\\framework\\src\\Illuminate\\Routing\\Pipeline.php(53): Illuminate\\Pipeline\\Pipeline->Illuminate\\Pipeline\\{closure}(Object(Illuminate\\Http\\Request))
#29 C:\\Users\\Erfan\\Desktop\\blog pro-w2\\vendor\\laravel\\framework\\src\\Illuminate\\Pipeline\\Pipeline.php(104): Illuminate\\Routing\\Pipeline->Illuminate\\Routing\\{closure}(Object(Illuminate\\Http\\Request))
#30 C:\\Users\\Erfan\\Desktop\\blog pro-w2\\vendor\\laravel\\framework\\src\\Illuminate\\Foundation\\Http\\Kernel.php(151): Illuminate\\Pipeline\\Pipeline->then(Object(Closure))
#31 C:\\Users\\Erfan\\Desktop\\blog pro-w2\\vendor\\laravel\\framework\\src\\Illuminate\\Foundation\\Http\\Kernel.php(116): Illuminate\\Foundation\\Http\\Kernel->sendRequestThroughRouter(Object(Illuminate\\Http\\Request))
#32 C:\\Users\\Erfan\\Desktop\\blog pro-w2\\public\\index.php(55): Illuminate\\Foundation\\Http\\Kernel->handle(Object(Illuminate\\Http\\Request))
#33 C:\\Users\\Erfan\\Desktop\\blog pro-w2\\server.php(21): require_once('C:\\\\Users\\\\Erfan\\\\...')
#34 {main}
"} 
[2020-01-18 15:57:33] local.ERROR: rename(C:\Users\Erfan\Desktop\blog pro-w2\bootstrap\cache\pacE599.tmp,C:\Users\Erfan\Desktop\blog pro-w2\bootstrap/cache/packages.php): Access is denied. (code: 5) {"exception":"[object] (ErrorException(code: 0): rename(C:\\Users\\Erfan\\Desktop\\blog pro-w2\\bootstrap\\cache\\pacE599.tmp,C:\\Users\\Erfan\\Desktop\\blog pro-w2\\bootstrap/cache/packages.php): Access is denied. (code: 5) at C:\\Users\\Erfan\\Desktop\\blog pro-w2\\vendor\\laravel\\framework\\src\\Illuminate\\Filesystem\\Filesystem.php:146)
[stacktrace]
#0 [internal function]: Illuminate\\Foundation\\Bootstrap\\HandleExceptions->handleError(2, 'rename(C:\\\\Users...', 'C:\\\\Users\\\\Erfan\\\\...', 146, Array)
#1 C:\\Users\\Erfan\\Desktop\\blog pro-w2\\vendor\\laravel\\framework\\src\\Illuminate\\Filesystem\\Filesystem.php(146): rename('C:\\\\Users\\\\Erfan\\\\...', 'C:\\\\Users\\\\Erfan\\\\...')
#2 C:\\Users\\Erfan\\Desktop\\blog pro-w2\\vendor\\laravel\\framework\\src\\Illuminate\\Foundation\\PackageManifest.php(172): Illuminate\\Filesystem\\Filesystem->replace('C:\\\\Users\\\\Erfan\\\\...', '<?php return ar...')
#3 C:\\Users\\Erfan\\Desktop\\blog pro-w2\\vendor\\laravel\\framework\\src\\Illuminate\\Foundation\\PackageManifest.php(127): Illuminate\\Foundation\\PackageManifest->write(Array)
#4 C:\\Users\\Erfan\\Desktop\\blog pro-w2\\vendor\\laravel\\framework\\src\\Illuminate\\Foundation\\PackageManifest.php(97): Illuminate\\Foundation\\PackageManifest->build()
#5 C:\\Users\\Erfan\\Desktop\\blog pro-w2\\vendor\\laravel\\framework\\src\\Illuminate\\Foundation\\PackageManifest.php(80): Illuminate\\Foundation\\PackageManifest->getManifest()
#6 C:\\Users\\Erfan\\Desktop\\blog pro-w2\\vendor\\laravel\\framework\\src\\Illuminate\\Foundation\\Bootstrap\\RegisterFacades.php(26): Illuminate\\Foundation\\PackageManifest->aliases()
#7 C:\\Users\\Erfan\\Desktop\\blog pro-w2\\vendor\\laravel\\framework\\src\\Illuminate\\Foundation\\Application.php(210): Illuminate\\Foundation\\Bootstrap\\RegisterFacades->bootstrap(Object(Illuminate\\Foundation\\Application))
#8 C:\\Users\\Erfan\\Desktop\\blog pro-w2\\vendor\\laravel\\framework\\src\\Illuminate\\Foundation\\Console\\Kernel.php(322): Illuminate\\Foundation\\Application->bootstrapWith(Array)
#9 C:\\Users\\Erfan\\Desktop\\blog pro-w2\\vendor\\laravel\\framework\\src\\Illuminate\\Foundation\\Console\\Kernel.php(131): Illuminate\\Foundation\\Console\\Kernel->bootstrap()
#10 C:\\Users\\Erfan\\Desktop\\blog pro-w2\\artisan(37): Illuminate\\Foundation\\Console\\Kernel->handle(Object(Symfony\\Component\\Console\\Input\\ArgvInput), Object(Symfony\\Component\\Console\\Output\\ConsoleOutput))
#11 {main}
"} 
[2020-01-18 16:05:44] local.ERROR: The C:\Users\Erfan\Desktop\blog pro-w2\bootstrap/cache directory must be present and writable. {"exception":"[object] (Exception(code: 0): The C:\\Users\\Erfan\\Desktop\\blog pro-w2\\bootstrap/cache directory must be present and writable. at C:\\Users\\Erfan\\Desktop\\blog pro-w2\\vendor\\laravel\\framework\\src\\Illuminate\\Foundation\\PackageManifest.php:168)
[stacktrace]
#0 C:\\Users\\Erfan\\Desktop\\blog pro-w2\\vendor\\laravel\\framework\\src\\Illuminate\\Foundation\\PackageManifest.php(127): Illuminate\\Foundation\\PackageManifest->write(Array)
#1 C:\\Users\\Erfan\\Desktop\\blog pro-w2\\vendor\\laravel\\framework\\src\\Illuminate\\Foundation\\PackageManifest.php(97): Illuminate\\Foundation\\PackageManifest->build()
#2 C:\\Users\\Erfan\\Desktop\\blog pro-w2\\vendor\\laravel\\framework\\src\\Illuminate\\Foundation\\PackageManifest.php(80): Illuminate\\Foundation\\PackageManifest->getManifest()
#3 C:\\Users\\Erfan\\Desktop\\blog pro-w2\\vendor\\laravel\\framework\\src\\Illuminate\\Foundation\\Bootstrap\\RegisterFacades.php(26): Illuminate\\Foundation\\PackageManifest->aliases()
#4 C:\\Users\\Erfan\\Desktop\\blog pro-w2\\vendor\\laravel\\framework\\src\\Illuminate\\Foundation\\Application.php(210): Illuminate\\Foundation\\Bootstrap\\RegisterFacades->bootstrap(Object(Illuminate\\Foundation\\Application))
#5 C:\\Users\\Erfan\\Desktop\\blog pro-w2\\vendor\\laravel\\framework\\src\\Illuminate\\Foundation\\Http\\Kernel.php(162): Illuminate\\Foundation\\Application->bootstrapWith(Array)
#6 C:\\Users\\Erfan\\Desktop\\blog pro-w2\\vendor\\laravel\\framework\\src\\Illuminate\\Foundation\\Http\\Kernel.php(146): Illuminate\\Foundation\\Http\\Kernel->bootstrap()
#7 C:\\Users\\Erfan\\Desktop\\blog pro-w2\\vendor\\laravel\\framework\\src\\Illuminate\\Foundation\\Http\\Kernel.php(116): Illuminate\\Foundation\\Http\\Kernel->sendRequestThroughRouter(Object(Illuminate\\Http\\Request))
#8 C:\\Users\\Erfan\\Desktop\\blog pro-w2\\public\\index.php(55): Illuminate\\Foundation\\Http\\Kernel->handle(Object(Illuminate\\Http\\Request))
#9 C:\\Users\\Erfan\\Desktop\\blog pro-w2\\server.php(21): require_once('C:\\\\Users\\\\Erfan\\\\...')
#10 {main}
"} 
[2020-01-18 16:05:46] local.ERROR: The C:\Users\Erfan\Desktop\blog pro-w2\bootstrap/cache directory must be present and writable. {"exception":"[object] (Exception(code: 0): The C:\\Users\\Erfan\\Desktop\\blog pro-w2\\bootstrap/cache directory must be present and writable. at C:\\Users\\Erfan\\Desktop\\blog pro-w2\\vendor\\laravel\\framework\\src\\Illuminate\\Foundation\\PackageManifest.php:168)
[stacktrace]
#0 C:\\Users\\Erfan\\Desktop\\blog pro-w2\\vendor\\laravel\\framework\\src\\Illuminate\\Foundation\\PackageManifest.php(127): Illuminate\\Foundation\\PackageManifest->write(Array)
#1 C:\\Users\\Erfan\\Desktop\\blog pro-w2\\vendor\\laravel\\framework\\src\\Illuminate\\Foundation\\PackageManifest.php(97): Illuminate\\Foundation\\PackageManifest->build()
#2 C:\\Users\\Erfan\\Desktop\\blog pro-w2\\vendor\\laravel\\framework\\src\\Illuminate\\Foundation\\PackageManifest.php(80): Illuminate\\Foundation\\PackageManifest->getManifest()
#3 C:\\Users\\Erfan\\Desktop\\blog pro-w2\\vendor\\laravel\\framework\\src\\Illuminate\\Foundation\\Bootstrap\\RegisterFacades.php(26): Illuminate\\Foundation\\PackageManifest->aliases()
#4 C:\\Users\\Erfan\\Desktop\\blog pro-w2\\vendor\\laravel\\framework\\src\\Illuminate\\Foundation\\Application.php(210): Illuminate\\Foundation\\Bootstrap\\RegisterFacades->bootstrap(Object(Illuminate\\Foundation\\Application))
#5 C:\\Users\\Erfan\\Desktop\\blog pro-w2\\vendor\\laravel\\framework\\src\\Illuminate\\Foundation\\Http\\Kernel.php(162): Illuminate\\Foundation\\Application->bootstrapWith(Array)
#6 C:\\Users\\Erfan\\Desktop\\blog pro-w2\\vendor\\laravel\\framework\\src\\Illuminate\\Foundation\\Http\\Kernel.php(146): Illuminate\\Foundation\\Http\\Kernel->bootstrap()
#7 C:\\Users\\Erfan\\Desktop\\blog pro-w2\\vendor\\laravel\\framework\\src\\Illuminate\\Foundation\\Http\\Kernel.php(116): Illuminate\\Foundation\\Http\\Kernel->sendRequestThroughRouter(Object(Illuminate\\Http\\Request))
#8 C:\\Users\\Erfan\\Desktop\\blog pro-w2\\public\\index.php(55): Illuminate\\Foundation\\Http\\Kernel->handle(Object(Illuminate\\Http\\Request))
#9 C:\\Users\\Erfan\\Desktop\\blog pro-w2\\server.php(21): require_once('C:\\\\Users\\\\Erfan\\\\...')
#10 {main}
"} 
[2020-01-18 16:05:47] local.ERROR: The C:\Users\Erfan\Desktop\blog pro-w2\bootstrap/cache directory must be present and writable. {"exception":"[object] (Exception(code: 0): The C:\\Users\\Erfan\\Desktop\\blog pro-w2\\bootstrap/cache directory must be present and writable. at C:\\Users\\Erfan\\Desktop\\blog pro-w2\\vendor\\laravel\\framework\\src\\Illuminate\\Foundation\\PackageManifest.php:168)
[stacktrace]
#0 C:\\Users\\Erfan\\Desktop\\blog pro-w2\\vendor\\laravel\\framework\\src\\Illuminate\\Foundation\\PackageManifest.php(127): Illuminate\\Foundation\\PackageManifest->write(Array)
#1 C:\\Users\\Erfan\\Desktop\\blog pro-w2\\vendor\\laravel\\framework\\src\\Illuminate\\Foundation\\PackageManifest.php(97): Illuminate\\Foundation\\PackageManifest->build()
#2 C:\\Users\\Erfan\\Desktop\\blog pro-w2\\vendor\\laravel\\framework\\src\\Illuminate\\Foundation\\PackageManifest.php(80): Illuminate\\Foundation\\PackageManifest->getManifest()
#3 C:\\Users\\Erfan\\Desktop\\blog pro-w2\\vendor\\laravel\\framework\\src\\Illuminate\\Foundation\\Bootstrap\\RegisterFacades.php(26): Illuminate\\Foundation\\PackageManifest->aliases()
#4 C:\\Users\\Erfan\\Desktop\\blog pro-w2\\vendor\\laravel\\framework\\src\\Illuminate\\Foundation\\Application.php(210): Illuminate\\Foundation\\Bootstrap\\RegisterFacades->bootstrap(Object(Illuminate\\Foundation\\Application))
#5 C:\\Users\\Erfan\\Desktop\\blog pro-w2\\vendor\\laravel\\framework\\src\\Illuminate\\Foundation\\Http\\Kernel.php(162): Illuminate\\Foundation\\Application->bootstrapWith(Array)
#6 C:\\Users\\Erfan\\Desktop\\blog pro-w2\\vendor\\laravel\\framework\\src\\Illuminate\\Foundation\\Http\\Kernel.php(146): Illuminate\\Foundation\\Http\\Kernel->bootstrap()
#7 C:\\Users\\Erfan\\Desktop\\blog pro-w2\\vendor\\laravel\\framework\\src\\Illuminate\\Foundation\\Http\\Kernel.php(116): Illuminate\\Foundation\\Http\\Kernel->sendRequestThroughRouter(Object(Illuminate\\Http\\Request))
#8 C:\\Users\\Erfan\\Desktop\\blog pro-w2\\public\\index.php(55): Illuminate\\Foundation\\Http\\Kernel->handle(Object(Illuminate\\Http\\Request))
#9 C:\\Users\\Erfan\\Desktop\\blog pro-w2\\server.php(21): require_once('C:\\\\Users\\\\Erfan\\\\...')
#10 {main}
"} 
